  pch.cpp
  CircleCollider.cpp
  BoxCollider.cpp
  Collider.cpp
  PrototypeManager.cpp
  Component.cpp
  Engine.cpp
  CollisionManager.cpp
  MainManager.cpp
  InputManager.cpp
  IPrototypeable.cpp
  Object.cpp
  PlayerMovement.cpp
  GameScene.cpp
  Client.cpp
  TimeManager.cpp
  SceneManager.cpp
  ResourceManager.cpp
  SoundManager.cpp
  SpriteRenderer.cpp
  PrototypeFactory.cpp
  코드를 생성하고 있습니다...
C:\Dev\SephiriaCopyGame\SephiriaCopyGame\Client.cpp(67,1): warning C4715: 'wWinMain': 모든 제어 경로에서 값을 반환하지는 않습니다.
  컴파일하고 있습니다...
  Scene.cpp
  TitleScene.cpp
C:\Dev\SephiriaCopyGame\SephiriaCopyGame\Engine\Object\IPrototypeable\IPrototypeable.h(7,23): error C2143: 구문 오류: ';'이(가) '<' 앞에 없습니다.
  (소스 파일 'Source/Scene/TitleScene.cpp'을(를) 컴파일하는 중)
  
C:\Dev\SephiriaCopyGame\SephiriaCopyGame\Engine\Object\IPrototypeable\IPrototypeable.h(7,13): error C2433: 'IPrototypeable::unique_ptr': 데이터 선언에 'virtual'을(를) 사용할 수 없습니다.
  (소스 파일 'Source/Scene/TitleScene.cpp'을(를) 컴파일하는 중)
  
C:\Dev\SephiriaCopyGame\SephiriaCopyGame\Engine\Object\IPrototypeable\IPrototypeable.h(7,13): error C4430: 형식 지정자가 없습니다. int로 가정합니다. 참고: C++에서는 기본 int를 지원하지 않습니다.
  (소스 파일 'Source/Scene/TitleScene.cpp'을(를) 컴파일하는 중)
  
C:\Dev\SephiriaCopyGame\SephiriaCopyGame\Engine\Object\IPrototypeable\IPrototypeable.h(7,57): error C2238: ';' 앞에 예기치 않은 토큰이 있습니다.
  (소스 파일 'Source/Scene/TitleScene.cpp'을(를) 컴파일하는 중)
  
C:\Dev\SephiriaCopyGame\SephiriaCopyGame\Engine\Object\Component\Component.h(17,22): error C2061: 구문 오류: 식별자 'HDC'
  (소스 파일 'Source/Scene/TitleScene.cpp'을(를) 컴파일하는 중)
  
C:\Dev\SephiriaCopyGame\SephiriaCopyGame\Engine\Object\Component\Component.h(22,15): error C2143: 구문 오류: ';'이(가) '<' 앞에 없습니다.
  (소스 파일 'Source/Scene/TitleScene.cpp'을(를) 컴파일하는 중)
  
C:\Dev\SephiriaCopyGame\SephiriaCopyGame\Engine\Object\Component\Component.h(22,5): error C4430: 형식 지정자가 없습니다. int로 가정합니다. 참고: C++에서는 기본 int를 지원하지 않습니다.
  (소스 파일 'Source/Scene/TitleScene.cpp'을(를) 컴파일하는 중)
  
C:\Dev\SephiriaCopyGame\SephiriaCopyGame\Engine\Object\Component\Component.h(22,54): error C2238: ';' 앞에 예기치 않은 토큰이 있습니다.
  (소스 파일 'Source/Scene/TitleScene.cpp'을(를) 컴파일하는 중)
  
C:\Dev\SephiriaCopyGame\SephiriaCopyGame\Engine\Object\Object\Object.h(12,21): error C4430: 형식 지정자가 없습니다. int로 가정합니다. 참고: C++에서는 기본 int를 지원하지 않습니다.
  (소스 파일 'Source/Scene/TitleScene.cpp'을(를) 컴파일하는 중)
  
C:\Dev\SephiriaCopyGame\SephiriaCopyGame\Engine\Object\Object\Object.h(12,33): error C2143: 구문 오류: ','이(가) '&' 앞에 없습니다.
  (소스 파일 'Source/Scene/TitleScene.cpp'을(를) 컴파일하는 중)
  
C:\Dev\SephiriaCopyGame\SephiriaCopyGame\Engine\Object\Object\Object.h(17,17): error C2061: 구문 오류: 식별자 'HDC'
  (소스 파일 'Source/Scene/TitleScene.cpp'을(를) 컴파일하는 중)
  
C:\Dev\SephiriaCopyGame\SephiriaCopyGame\Engine\Object\Object\Object.h(20,15): error C2143: 구문 오류: ';'이(가) '<' 앞에 없습니다.
  (소스 파일 'Source/Scene/TitleScene.cpp'을(를) 컴파일하는 중)
  
C:\Dev\SephiriaCopyGame\SephiriaCopyGame\Engine\Object\Object\Object.h(20,5): error C4430: 형식 지정자가 없습니다. int로 가정합니다. 참고: C++에서는 기본 int를 지원하지 않습니다.
  (소스 파일 'Source/Scene/TitleScene.cpp'을(를) 컴파일하는 중)
  
C:\Dev\SephiriaCopyGame\SephiriaCopyGame\Engine\Object\Object\Object.h(20,54): error C2238: ';' 앞에 예기치 않은 토큰이 있습니다.
  (소스 파일 'Source/Scene/TitleScene.cpp'을(를) 컴파일하는 중)
  
C:\Dev\SephiriaCopyGame\SephiriaCopyGame\Engine\Object\Object\Object.h(28,12): error C3646: 'm_Name': 알 수 없는 재정의 지정자입니다.
  (소스 파일 'Source/Scene/TitleScene.cpp'을(를) 컴파일하는 중)
  
C:\Dev\SephiriaCopyGame\SephiriaCopyGame\Engine\Object\Object\Object.h(28,5): error C4430: 형식 지정자가 없습니다. int로 가정합니다. 참고: C++에서는 기본 int를 지원하지 않습니다.
  (소스 파일 'Source/Scene/TitleScene.cpp'을(를) 컴파일하는 중)
  
C:\Dev\SephiriaCopyGame\SephiriaCopyGame\Engine\Object\Object\Object.h(29,12): error C3646: 'm_Tag': 알 수 없는 재정의 지정자입니다.
  (소스 파일 'Source/Scene/TitleScene.cpp'을(를) 컴파일하는 중)
  
C:\Dev\SephiriaCopyGame\SephiriaCopyGame\Engine\Object\Object\Object.h(29,5): error C4430: 형식 지정자가 없습니다. int로 가정합니다. 참고: C++에서는 기본 int를 지원하지 않습니다.
  (소스 파일 'Source/Scene/TitleScene.cpp'을(를) 컴파일하는 중)
  
C:\Dev\SephiriaCopyGame\SephiriaCopyGame\Engine\Object\Object\Object.h(34,11): error C2143: 구문 오류: ';'이(가) '<' 앞에 없습니다.
  (소스 파일 'Source/Scene/TitleScene.cpp'을(를) 컴파일하는 중)
  
C:\Dev\SephiriaCopyGame\SephiriaCopyGame\Engine\Object\Object\Object.h(34,5): error C4430: 형식 지정자가 없습니다. int로 가정합니다. 참고: C++에서는 기본 int를 지원하지 않습니다.
  (소스 파일 'Source/Scene/TitleScene.cpp'을(를) 컴파일하는 중)
  
C:\Dev\SephiriaCopyGame\SephiriaCopyGame\Engine\Object\Object\Object.h(34,31): error C2238: ';' 앞에 예기치 않은 토큰이 있습니다.
  (소스 파일 'Source/Scene/TitleScene.cpp'을(를) 컴파일하는 중)
  
C:\Dev\SephiriaCopyGame\SephiriaCopyGame\Engine\Object\Object\Object.h(35,11): error C2143: 구문 오류: ';'이(가) '<' 앞에 없습니다.
  (소스 파일 'Source/Scene/TitleScene.cpp'을(를) 컴파일하는 중)
  
C:\Dev\SephiriaCopyGame\SephiriaCopyGame\Engine\Object\Object\Object.h(35,5): error C4430: 형식 지정자가 없습니다. int로 가정합니다. 참고: C++에서는 기본 int를 지원하지 않습니다.
  (소스 파일 'Source/Scene/TitleScene.cpp'을(를) 컴파일하는 중)
  
C:\Dev\SephiriaCopyGame\SephiriaCopyGame\Engine\Object\Object\Object.h(35,47): error C2238: ';' 앞에 예기치 않은 토큰이 있습니다.
  (소스 파일 'Source/Scene/TitleScene.cpp'을(를) 컴파일하는 중)
  
C:\Dev\SephiriaCopyGame\SephiriaCopyGame\Engine\Object\Object\Object.h(36,18): error C2143: 구문 오류: ';'이(가) '<' 앞에 없습니다.
  (소스 파일 'Source/Scene/TitleScene.cpp'을(를) 컴파일하는 중)
  
C:\Dev\SephiriaCopyGame\SephiriaCopyGame\Engine\Object\Object\Object.h(36,5): error C4430: 형식 지정자가 없습니다. int로 가정합니다. 참고: C++에서는 기본 int를 지원하지 않습니다.
  (소스 파일 'Source/Scene/TitleScene.cpp'을(를) 컴파일하는 중)
  
C:\Dev\SephiriaCopyGame\SephiriaCopyGame\Engine\Object\Object\Object.h(36,57): error C2238: ';' 앞에 예기치 않은 토큰이 있습니다.
  (소스 파일 'Source/Scene/TitleScene.cpp'을(를) 컴파일하는 중)
  
C:\Dev\SephiriaCopyGame\SephiriaCopyGame\Engine\Object\Object\Object.h(42,23): error C2065: 'is_base_of_v': 선언되지 않은 식별자입니다.
  (소스 파일 'Source/Scene/TitleScene.cpp'을(를) 컴파일하는 중)
      C:\Dev\SephiriaCopyGame\SephiriaCopyGame\Engine\Object\Object\Object.h(40,8):
      이 진단은 컴파일러 생성 함수 'T *Object::AddComponent(Args ...)'에서 수행되었습니다.
  
C:\Dev\SephiriaCopyGame\SephiriaCopyGame\Engine\Object\Object\Object.h(42,45): error C3878: 구문 오류: 예기치 않은 토큰 ','이(가) 'simple-type-specifier' 다음에 있습니다.
  (소스 파일 'Source/Scene/TitleScene.cpp'을(를) 컴파일하는 중)
      C:\Dev\SephiriaCopyGame\SephiriaCopyGame\Engine\Object\Object\Object.h(42,45):
      다음 중 하나가 없습니다. '(' '{' ?
      C:\Dev\SephiriaCopyGame\SephiriaCopyGame\Engine\Object\Object\Object.h(40,8):
      이 진단은 컴파일러 생성 함수 'T *Object::AddComponent(Args ...)'에서 수행되었습니다.
  
C:\Dev\SephiriaCopyGame\SephiriaCopyGame\Engine\Object\Object\Object.h(42,45): error C3878: 구문 오류: 예기치 않은 토큰 ','이(가) 'static-assert-declaration' 다음에 있습니다.
  (소스 파일 'Source/Scene/TitleScene.cpp'을(를) 컴파일하는 중)
      C:\Dev\SephiriaCopyGame\SephiriaCopyGame\Engine\Object\Object\Object.h(40,8):
      이 진단은 컴파일러 생성 함수 'T *Object::AddComponent(Args ...)'에서 수행되었습니다.
  
C:\Dev\SephiriaCopyGame\SephiriaCopyGame\Engine\Object\Object\Object.h(42,48): error C2760: 구문 오류: 여기서 '>'은(는) 예상치 못한 오류였습니다. 예상된 오류는 ';'였습니다
  (소스 파일 'Source/Scene/TitleScene.cpp'을(를) 컴파일하는 중)
      C:\Dev\SephiriaCopyGame\SephiriaCopyGame\Engine\Object\Object\Object.h(40,8):
      이 진단은 컴파일러 생성 함수 'T *Object::AddComponent(Args ...)'에서 수행되었습니다.
  
C:\Dev\SephiriaCopyGame\SephiriaCopyGame\Engine\Object\Object\Object.h(42,49): error C3878: 구문 오류: 예기치 않은 토큰 ','이(가) 'simple-declaration' 다음에 있습니다.
  (소스 파일 'Source/Scene/TitleScene.cpp'을(를) 컴파일하는 중)
      C:\Dev\SephiriaCopyGame\SephiriaCopyGame\Engine\Object\Object\Object.h(40,8):
      이 진단은 컴파일러 생성 함수 'T *Object::AddComponent(Args ...)'에서 수행되었습니다.
  
C:\Dev\SephiriaCopyGame\SephiriaCopyGame\Engine\Object\Object\Object.h(42,103): error C2760: 구문 오류: 여기서 ')'은(는) 예상치 못한 오류였습니다. 예상된 오류는 ';'였습니다
  (소스 파일 'Source/Scene/TitleScene.cpp'을(를) 컴파일하는 중)
      C:\Dev\SephiriaCopyGame\SephiriaCopyGame\Engine\Object\Object\Object.h(40,8):
      이 진단은 컴파일러 생성 함수 'T *Object::AddComponent(Args ...)'에서 수행되었습니다.
  
C:\Dev\SephiriaCopyGame\SephiriaCopyGame\Engine\Object\Object\Object.h(42,103): error C3878: 구문 오류: 예기치 않은 토큰 ')'이(가) 'expression-statement' 다음에 있습니다.
  (소스 파일 'Source/Scene/TitleScene.cpp'을(를) 컴파일하는 중)
      C:\Dev\SephiriaCopyGame\SephiriaCopyGame\Engine\Object\Object\Object.h(40,8):
      이 진단은 컴파일러 생성 함수 'T *Object::AddComponent(Args ...)'에서 수행되었습니다.
  
C:\Dev\SephiriaCopyGame\SephiriaCopyGame\Engine\Object\Object\Object.h(48,29): error C2065: 'make_unique': 선언되지 않은 식별자입니다.
  (소스 파일 'Source/Scene/TitleScene.cpp'을(를) 컴파일하는 중)
      C:\Dev\SephiriaCopyGame\SephiriaCopyGame\Engine\Object\Object\Object.h(40,8):
      이 진단은 컴파일러 생성 함수 'T *Object::AddComponent(Args ...)'에서 수행되었습니다.
  
C:\Dev\SephiriaCopyGame\SephiriaCopyGame\Engine\Object\Object\Object.h(48,42): error C3878: 구문 오류: 예기치 않은 토큰 '>'이(가) 'simple-type-specifier' 다음에 있습니다.
  (소스 파일 'Source/Scene/TitleScene.cpp'을(를) 컴파일하는 중)
      C:\Dev\SephiriaCopyGame\SephiriaCopyGame\Engine\Object\Object\Object.h(48,42):
      다음 중 하나가 없습니다. '(' '{' ?
      C:\Dev\SephiriaCopyGame\SephiriaCopyGame\Engine\Object\Object\Object.h(40,8):
      이 진단은 컴파일러 생성 함수 'T *Object::AddComponent(Args ...)'에서 수행되었습니다.
  
C:\Dev\SephiriaCopyGame\SephiriaCopyGame\Engine\Object\Object\Object.h(48,42): error C3878: 구문 오류: 예기치 않은 토큰 '>'이(가) 'simple-declaration' 다음에 있습니다.
  (소스 파일 'Source/Scene/TitleScene.cpp'을(를) 컴파일하는 중)
      C:\Dev\SephiriaCopyGame\SephiriaCopyGame\Engine\Object\Object\Object.h(40,8):
      이 진단은 컴파일러 생성 함수 'T *Object::AddComponent(Args ...)'에서 수행되었습니다.
  
C:\Dev\SephiriaCopyGame\SephiriaCopyGame\Engine\Object\Object\Object.h(48,50): error C2065: 'forward': 선언되지 않은 식별자입니다.
  (소스 파일 'Source/Scene/TitleScene.cpp'을(를) 컴파일하는 중)
      C:\Dev\SephiriaCopyGame\SephiriaCopyGame\Engine\Object\Object\Object.h(40,8):
      이 진단은 컴파일러 생성 함수 'T *Object::AddComponent(Args ...)'에서 수행되었습니다.
  
C:\Dev\SephiriaCopyGame\SephiriaCopyGame\Engine\Object\Object\Object.h(48,62): error C3878: 구문 오류: 예기치 않은 토큰 '>'이(가) 'simple-type-specifier' 다음에 있습니다.
  (소스 파일 'Source/Scene/TitleScene.cpp'을(를) 컴파일하는 중)
      C:\Dev\SephiriaCopyGame\SephiriaCopyGame\Engine\Object\Object\Object.h(48,62):
      다음 중 하나가 없습니다. '(' '{' ?
      C:\Dev\SephiriaCopyGame\SephiriaCopyGame\Engine\Object\Object\Object.h(40,8):
      이 진단은 컴파일러 생성 함수 'T *Object::AddComponent(Args ...)'에서 수행되었습니다.
  
C:\Dev\SephiriaCopyGame\SephiriaCopyGame\Engine\Object\Object\Object.h(48,62): error C3878: 구문 오류: 예기치 않은 토큰 '>'이(가) 'expression' 다음에 있습니다.
  (소스 파일 'Source/Scene/TitleScene.cpp'을(를) 컴파일하는 중)
      C:\Dev\SephiriaCopyGame\SephiriaCopyGame\Engine\Object\Object\Object.h(40,8):
      이 진단은 컴파일러 생성 함수 'T *Object::AddComponent(Args ...)'에서 수행되었습니다.
  
C:\Dev\SephiriaCopyGame\SephiriaCopyGame\Engine\Object\Object\Object.h(48,68): error C2760: 구문 오류: 여기서 ')'은(는) 예상치 못한 오류였습니다. 예상된 오류는 ';'였습니다
  (소스 파일 'Source/Scene/TitleScene.cpp'을(를) 컴파일하는 중)
      C:\Dev\SephiriaCopyGame\SephiriaCopyGame\Engine\Object\Object\Object.h(40,8):
      이 진단은 컴파일러 생성 함수 'T *Object::AddComponent(Args ...)'에서 수행되었습니다.
  
C:\Dev\SephiriaCopyGame\SephiriaCopyGame\Engine\Object\Object\Object.h(48,68): error C3878: 구문 오류: 예기치 않은 토큰 ')'이(가) 'expression-statement' 다음에 있습니다.
  (소스 파일 'Source/Scene/TitleScene.cpp'을(를) 컴파일하는 중)
      C:\Dev\SephiriaCopyGame\SephiriaCopyGame\Engine\Object\Object\Object.h(40,8):
      이 진단은 컴파일러 생성 함수 'T *Object::AddComponent(Args ...)'에서 수행되었습니다.
  
C:\Dev\SephiriaCopyGame\SephiriaCopyGame\Engine\Object\Object\Object.h(51,9): error C2065: 'm_Components': 선언되지 않은 식별자입니다.
  (소스 파일 'Source/Scene/TitleScene.cpp'을(를) 컴파일하는 중)
      C:\Dev\SephiriaCopyGame\SephiriaCopyGame\Engine\Object\Object\Object.h(40,8):
      이 진단은 컴파일러 생성 함수 'T *Object::AddComponent(Args ...)'에서 수행되었습니다.
  
C:\Dev\SephiriaCopyGame\SephiriaCopyGame\Engine\Object\Object\Object.h(52,9): error C2065: 'm_ComponentMap': 선언되지 않은 식별자입니다.
  (소스 파일 'Source/Scene/TitleScene.cpp'을(를) 컴파일하는 중)
      C:\Dev\SephiriaCopyGame\SephiriaCopyGame\Engine\Object\Object\Object.h(40,8):
      이 진단은 컴파일러 생성 함수 'T *Object::AddComponent(Args ...)'에서 수행되었습니다.
  
C:\Dev\SephiriaCopyGame\SephiriaCopyGame\Engine\Object\Object\Object.h(61,19): error C3861: 'm_ComponentMap': 식별자를 찾을 수 없습니다.
  (소스 파일 'Source/Scene/TitleScene.cpp'을(를) 컴파일하는 중)
      C:\Dev\SephiriaCopyGame\SephiriaCopyGame\Engine\Object\Object\Object.h(59,8):
      이 진단은 컴파일러 생성 함수 'T *Object::GetComponent(void)'에서 수행되었습니다.
  
C:\Dev\SephiriaCopyGame\SephiriaCopyGame\Engine\Object\Object\Object.h(62,23): error C3861: 'm_ComponentMap': 식별자를 찾을 수 없습니다.
  (소스 파일 'Source/Scene/TitleScene.cpp'을(를) 컴파일하는 중)
      C:\Dev\SephiriaCopyGame\SephiriaCopyGame\Engine\Object\Object\Object.h(59,8):
      이 진단은 컴파일러 생성 함수 'T *Object::GetComponent(void)'에서 수행되었습니다.
  
C:\Dev\SephiriaCopyGame\SephiriaCopyGame\Engine\Object\Object\Object.h(61,19): error C2065: 'm_ComponentMap': 선언되지 않은 식별자입니다.
  (소스 파일 'Source/Scene/TitleScene.cpp'을(를) 컴파일하는 중)
      C:\Dev\SephiriaCopyGame\SephiriaCopyGame\Engine\Object\Object\Object.h(59,8):
      이 진단은 컴파일러 생성 함수 'T *Object::GetComponent(void)'에서 수행되었습니다.
  
C:\Dev\SephiriaCopyGame\SephiriaCopyGame\Engine\Object\Object\Object.h(62,23): error C2065: 'm_ComponentMap': 선언되지 않은 식별자입니다.
  (소스 파일 'Source/Scene/TitleScene.cpp'을(를) 컴파일하는 중)
      C:\Dev\SephiriaCopyGame\SephiriaCopyGame\Engine\Object\Object\Object.h(59,8):
      이 진단은 컴파일러 생성 함수 'T *Object::GetComponent(void)'에서 수행되었습니다.
  
C:\Dev\SephiriaCopyGame\SephiriaCopyGame\Engine\Object\Object\Object.h(68,16): error C3861: 'm_ComponentMap': 식별자를 찾을 수 없습니다.
  (소스 파일 'Source/Scene/TitleScene.cpp'을(를) 컴파일하는 중)
      C:\Dev\SephiriaCopyGame\SephiriaCopyGame\Engine\Object\Object\Object.h(66,10):
      이 진단은 컴파일러 생성 함수 'bool Object::HasComponent(void)'에서 수행되었습니다.
  
C:\Dev\SephiriaCopyGame\SephiriaCopyGame\Engine\Object\Object\Object.h(68,62): error C3861: 'm_ComponentMap': 식별자를 찾을 수 없습니다.
  (소스 파일 'Source/Scene/TitleScene.cpp'을(를) 컴파일하는 중)
      C:\Dev\SephiriaCopyGame\SephiriaCopyGame\Engine\Object\Object\Object.h(66,10):
      이 진단은 컴파일러 생성 함수 'bool Object::HasComponent(void)'에서 수행되었습니다.
  
C:\Dev\SephiriaCopyGame\SephiriaCopyGame\Engine\Object\Object\Object.h(68,16): error C2065: 'm_ComponentMap': 선언되지 않은 식별자입니다.
  (소스 파일 'Source/Scene/TitleScene.cpp'을(를) 컴파일하는 중)
      C:\Dev\SephiriaCopyGame\SephiriaCopyGame\Engine\Object\Object\Object.h(66,10):
      이 진단은 컴파일러 생성 함수 'bool Object::HasComponent(void)'에서 수행되었습니다.
  
C:\Dev\SephiriaCopyGame\SephiriaCopyGame\Engine\Object\Object\Object.h(68,62): error C2065: 'm_ComponentMap': 선언되지 않은 식별자입니다.
  (소스 파일 'Source/Scene/TitleScene.cpp'을(를) 컴파일하는 중)
      C:\Dev\SephiriaCopyGame\SephiriaCopyGame\Engine\Object\Object\Object.h(66,10):
      이 진단은 컴파일러 생성 함수 'bool Object::HasComponent(void)'에서 수행되었습니다.
  
C:\Dev\SephiriaCopyGame\SephiriaCopyGame\Engine\Object\Object\Object.h(74,19): error C2065: 'm_ComponentMap': 선언되지 않은 식별자입니다.
  (소스 파일 'Source/Scene/TitleScene.cpp'을(를) 컴파일하는 중)
      C:\Dev\SephiriaCopyGame\SephiriaCopyGame\Engine\Object\Object\Object.h(72,10):
      이 진단은 컴파일러 생성 함수 'void Object::RemoveComponent(void)'에서 수행되었습니다.
  
C:\Dev\SephiriaCopyGame\SephiriaCopyGame\Engine\Object\Object\Object.h(75,19): error C2065: 'm_ComponentMap': 선언되지 않은 식별자입니다.
  (소스 파일 'Source/Scene/TitleScene.cpp'을(를) 컴파일하는 중)
      C:\Dev\SephiriaCopyGame\SephiriaCopyGame\Engine\Object\Object\Object.h(72,10):
      이 진단은 컴파일러 생성 함수 'void Object::RemoveComponent(void)'에서 수행되었습니다.
  
C:\Dev\SephiriaCopyGame\SephiriaCopyGame\Engine\Object\Object\Object.h(80,13): error C2065: 'm_Components': 선언되지 않은 식별자입니다.
  (소스 파일 'Source/Scene/TitleScene.cpp'을(를) 컴파일하는 중)
      C:\Dev\SephiriaCopyGame\SephiriaCopyGame\Engine\Object\Object\Object.h(72,10):
      이 진단은 컴파일러 생성 함수 'void Object::RemoveComponent(void)'에서 수행되었습니다.
  
C:\Dev\SephiriaCopyGame\SephiriaCopyGame\Engine\Object\Object\Object.h(81,27): error C2065: 'm_Components': 선언되지 않은 식별자입니다.
  (소스 파일 'Source/Scene/TitleScene.cpp'을(를) 컴파일하는 중)
      C:\Dev\SephiriaCopyGame\SephiriaCopyGame\Engine\Object\Object\Object.h(72,10):
      이 진단은 컴파일러 생성 함수 'void Object::RemoveComponent(void)'에서 수행되었습니다.
  
C:\Dev\SephiriaCopyGame\SephiriaCopyGame\Engine\Object\Object\Object.h(81,49): error C2065: 'm_Components': 선언되지 않은 식별자입니다.
  (소스 파일 'Source/Scene/TitleScene.cpp'을(를) 컴파일하는 중)
      C:\Dev\SephiriaCopyGame\SephiriaCopyGame\Engine\Object\Object\Object.h(72,10):
      이 진단은 컴파일러 생성 함수 'void Object::RemoveComponent(void)'에서 수행되었습니다.
  
C:\Dev\SephiriaCopyGame\SephiriaCopyGame\Engine\Object\Object\Object.h(82,34): error C2065: 'unique_ptr': 선언되지 않은 식별자입니다.
  (소스 파일 'Source/Scene/TitleScene.cpp'을(를) 컴파일하는 중)
      C:\Dev\SephiriaCopyGame\SephiriaCopyGame\Engine\Object\Object\Object.h(72,10):
      이 진단은 컴파일러 생성 함수 'void Object::RemoveComponent(void)'에서 수행되었습니다.
  
C:\Dev\SephiriaCopyGame\SephiriaCopyGame\Engine\Object\Object\Object.h(82,44): error C2760: 구문 오류: 여기서 '<'은(는) 예상치 못한 오류였습니다. 예상된 오류는 ')'였습니다
  (소스 파일 'Source/Scene/TitleScene.cpp'을(를) 컴파일하는 중)
      C:\Dev\SephiriaCopyGame\SephiriaCopyGame\Engine\Object\Object\Object.h(72,10):
      이 진단은 컴파일러 생성 함수 'void Object::RemoveComponent(void)'에서 수행되었습니다.
  
C:\Dev\SephiriaCopyGame\SephiriaCopyGame\Engine\Object\Object\Object.h(82,45): error C3878: 구문 오류: 예기치 않은 토큰 'Component'이(가) 'expression' 다음에 있습니다.
  (소스 파일 'Source/Scene/TitleScene.cpp'을(를) 컴파일하는 중)
      C:\Dev\SephiriaCopyGame\SephiriaCopyGame\Engine\Object\Object\Object.h(72,10):
      이 진단은 컴파일러 생성 함수 'void Object::RemoveComponent(void)'에서 수행되었습니다.
  
C:\Dev\SephiriaCopyGame\SephiriaCopyGame\Engine\Object\Object\Object.h(82,60): error C2760: 구문 오류: 여기서 ')'은(는) 예상치 못한 오류였습니다. 예상된 오류는 ';'였습니다
  (소스 파일 'Source/Scene/TitleScene.cpp'을(를) 컴파일하는 중)
      C:\Dev\SephiriaCopyGame\SephiriaCopyGame\Engine\Object\Object\Object.h(72,10):
      이 진단은 컴파일러 생성 함수 'void Object::RemoveComponent(void)'에서 수행되었습니다.
  
C:\Dev\SephiriaCopyGame\SephiriaCopyGame\Engine\Object\Object\Object.h(82,60): error C3878: 구문 오류: 예기치 않은 토큰 ')'이(가) 'expression-statement' 다음에 있습니다.
  (소스 파일 'Source/Scene/TitleScene.cpp'을(를) 컴파일하는 중)
      C:\Dev\SephiriaCopyGame\SephiriaCopyGame\Engine\Object\Object\Object.h(72,10):
      이 진단은 컴파일러 생성 함수 'void Object::RemoveComponent(void)'에서 수행되었습니다.
  
C:\Dev\SephiriaCopyGame\SephiriaCopyGame\Engine\Object\Object\Object.h(82,60): error C3878: 구문 오류: 예기치 않은 토큰 ')'이(가) 'statement' 다음에 있습니다.
  (소스 파일 'Source/Scene/TitleScene.cpp'을(를) 컴파일하는 중)
      C:\Dev\SephiriaCopyGame\SephiriaCopyGame\Engine\Object\Object\Object.h(72,10):
      이 진단은 컴파일러 생성 함수 'void Object::RemoveComponent(void)'에서 수행되었습니다.
  
C:\Dev\SephiriaCopyGame\SephiriaCopyGame\Engine\Object\Object\Object.h(82,60): error C3878: 구문 오류: 예기치 않은 토큰 ')'이(가) 'statement-seq' 다음에 있습니다.
  (소스 파일 'Source/Scene/TitleScene.cpp'을(를) 컴파일하는 중)
      C:\Dev\SephiriaCopyGame\SephiriaCopyGame\Engine\Object\Object\Object.h(82,60):
      다음 중 하나가 없습니다.  '}' ?
      C:\Dev\SephiriaCopyGame\SephiriaCopyGame\Engine\Object\Object\Object.h(72,10):
      이 진단은 컴파일러 생성 함수 'void Object::RemoveComponent(void)'에서 수행되었습니다.
  
C:\Dev\SephiriaCopyGame\SephiriaCopyGame\Engine\Object\Object\Object.h(82,60): error C2760: 구문 오류: 여기서 ')'은(는) 예상치 못한 오류였습니다. 예상된 오류는 '}'였습니다
  (소스 파일 'Source/Scene/TitleScene.cpp'을(를) 컴파일하는 중)
      C:\Dev\SephiriaCopyGame\SephiriaCopyGame\Engine\Object\Object\Object.h(72,10):
      이 진단은 컴파일러 생성 함수 'void Object::RemoveComponent(void)'에서 수행되었습니다.
  
C:\Dev\SephiriaCopyGame\SephiriaCopyGame\Engine\Object\Object\Object.h(82,60): error C3878: 구문 오류: 예기치 않은 토큰 ')'이(가) 'compound-statement' 다음에 있습니다.
  (소스 파일 'Source/Scene/TitleScene.cpp'을(를) 컴파일하는 중)
      C:\Dev\SephiriaCopyGame\SephiriaCopyGame\Engine\Object\Object\Object.h(72,10):
      이 진단은 컴파일러 생성 함수 'void Object::RemoveComponent(void)'에서 수행되었습니다.
  
C:\Dev\SephiriaCopyGame\SephiriaCopyGame\Engine\Object\Object\Object.h(82,60): error C3878: 구문 오류: 예기치 않은 토큰 ')'이(가) 'selection-statement' 다음에 있습니다.
  (소스 파일 'Source/Scene/TitleScene.cpp'을(를) 컴파일하는 중)
      C:\Dev\SephiriaCopyGame\SephiriaCopyGame\Engine\Object\Object\Object.h(72,10):
      이 진단은 컴파일러 생성 함수 'void Object::RemoveComponent(void)'에서 수행되었습니다.
  
C:\Dev\SephiriaCopyGame\SephiriaCopyGame\Engine\Object\Object\Object.h(83,32): error C2065: 'ptr': 선언되지 않은 식별자입니다.
  (소스 파일 'Source/Scene/TitleScene.cpp'을(를) 컴파일하는 중)
      C:\Dev\SephiriaCopyGame\SephiriaCopyGame\Engine\Object\Object\Object.h(72,10):
      이 진단은 컴파일러 생성 함수 'void Object::RemoveComponent(void)'에서 수행되었습니다.
  
C:\Dev\SephiriaCopyGame\SephiriaCopyGame\Engine\Object\Object\Object.h(83,45): error C2065: 'comp': 선언되지 않은 식별자입니다.
  (소스 파일 'Source/Scene/TitleScene.cpp'을(를) 컴파일하는 중)
      C:\Dev\SephiriaCopyGame\SephiriaCopyGame\Engine\Object\Object\Object.h(72,10):
      이 진단은 컴파일러 생성 함수 'void Object::RemoveComponent(void)'에서 수행되었습니다.
  
C:\Dev\SephiriaCopyGame\SephiriaCopyGame\Engine\Object\Object\Object.h(84,22): error C3878: 구문 오류: 예기치 않은 토큰 ')'이(가) 'compound-statement' 다음에 있습니다.
  (소스 파일 'Source/Scene/TitleScene.cpp'을(를) 컴파일하는 중)
      C:\Dev\SephiriaCopyGame\SephiriaCopyGame\Engine\Object\Object\Object.h(72,10):
      이 진단은 컴파일러 생성 함수 'void Object::RemoveComponent(void)'에서 수행되었습니다.
  
C:\Dev\SephiriaCopyGame\SephiriaCopyGame\Engine\Object\Object\Object.h(84,23): error C3878: 구문 오류: 예기치 않은 토큰 ','이(가) 'statement' 다음에 있습니다.
  (소스 파일 'Source/Scene/TitleScene.cpp'을(를) 컴파일하는 중)
      C:\Dev\SephiriaCopyGame\SephiriaCopyGame\Engine\Object\Object\Object.h(72,10):
      이 진단은 컴파일러 생성 함수 'void Object::RemoveComponent(void)'에서 수행되었습니다.
  
C:\Dev\SephiriaCopyGame\SephiriaCopyGame\Engine\Object\Object\Object.h(85,17): error C2065: 'm_Components': 선언되지 않은 식별자입니다.
  (소스 파일 'Source/Scene/TitleScene.cpp'을(를) 컴파일하는 중)
      C:\Dev\SephiriaCopyGame\SephiriaCopyGame\Engine\Object\Object\Object.h(72,10):
      이 진단은 컴파일러 생성 함수 'void Object::RemoveComponent(void)'에서 수행되었습니다.
  
C:\Dev\SephiriaCopyGame\SephiriaCopyGame\Engine\Object\Object\Object.h(86,13): error C2760: 구문 오류: 여기서 ')'은(는) 예상치 못한 오류였습니다. 예상된 오류는 ';'였습니다
  (소스 파일 'Source/Scene/TitleScene.cpp'을(를) 컴파일하는 중)
      C:\Dev\SephiriaCopyGame\SephiriaCopyGame\Engine\Object\Object\Object.h(72,10):
      이 진단은 컴파일러 생성 함수 'void Object::RemoveComponent(void)'에서 수행되었습니다.
  
C:\Dev\SephiriaCopyGame\SephiriaCopyGame\Engine\Object\Object\Object.h(86,13): error C3878: 구문 오류: 예기치 않은 토큰 ')'이(가) 'expression-statement' 다음에 있습니다.
  (소스 파일 'Source/Scene/TitleScene.cpp'을(를) 컴파일하는 중)
      C:\Dev\SephiriaCopyGame\SephiriaCopyGame\Engine\Object\Object\Object.h(72,10):
      이 진단은 컴파일러 생성 함수 'void Object::RemoveComponent(void)'에서 수행되었습니다.
  
C:\Dev\SephiriaCopyGame\SephiriaCopyGame\Engine\Object\Object\Object.h(88,13): error C2065: 'm_ComponentMap': 선언되지 않은 식별자입니다.
  (소스 파일 'Source/Scene/TitleScene.cpp'을(를) 컴파일하는 중)
      C:\Dev\SephiriaCopyGame\SephiriaCopyGame\Engine\Object\Object\Object.h(72,10):
      이 진단은 컴파일러 생성 함수 'void Object::RemoveComponent(void)'에서 수행되었습니다.
  
C:\Dev\SephiriaCopyGame\SephiriaCopyGame\Engine\Object\Object\Object.h(11,16): error C2614: 'Object': 멤버 초기화가 잘못되었습니다. 'm_Name'이(가) 기본 또는 멤버가 아닙니다.
  (소스 파일 'Source/Scene/TitleScene.cpp'을(를) 컴파일하는 중)
  
C:\Dev\SephiriaCopyGame\SephiriaCopyGame\Engine\Object\Object\Object.h(11,33): error C2614: 'Object': 멤버 초기화가 잘못되었습니다. 'm_Tag'이(가) 기본 또는 멤버가 아닙니다.
  (소스 파일 'Source/Scene/TitleScene.cpp'을(를) 컴파일하는 중)
  
C:\Dev\SephiriaCopyGame\SephiriaCopyGame\Engine\Object\Object\Object.h(12,50): error C2065: 'name': 선언되지 않은 식별자입니다.
  (소스 파일 'Source/Scene/TitleScene.cpp'을(를) 컴파일하는 중)
  
C:\Dev\SephiriaCopyGame\SephiriaCopyGame\Engine\Object\Object\Object.h(12,43): error C2614: 'Object': 멤버 초기화가 잘못되었습니다. 'm_Name'이(가) 기본 또는 멤버가 아닙니다.
  (소스 파일 'Source/Scene/TitleScene.cpp'을(를) 컴파일하는 중)
  
C:\Dev\SephiriaCopyGame\SephiriaCopyGame\Engine\Object\Object\Object.h(12,57): error C2614: 'Object': 멤버 초기화가 잘못되었습니다. 'm_Tag'이(가) 기본 또는 멤버가 아닙니다.
  (소스 파일 'Source/Scene/TitleScene.cpp'을(를) 컴파일하는 중)
  
C:\Dev\SephiriaCopyGame\SephiriaCopyGame\Engine\Scene\Scene.h(14,30): error C4430: 형식 지정자가 없습니다. int로 가정합니다. 참고: C++에서는 기본 int를 지원하지 않습니다.
  (소스 파일 'Source/Scene/TitleScene.cpp'을(를) 컴파일하는 중)
  
C:\Dev\SephiriaCopyGame\SephiriaCopyGame\Engine\Scene\Scene.h(14,42): error C2143: 구문 오류: ','이(가) '&' 앞에 없습니다.
  (소스 파일 'Source/Scene/TitleScene.cpp'을(를) 컴파일하는 중)
  
C:\Dev\SephiriaCopyGame\SephiriaCopyGame\Engine\Scene\Scene.h(23,11): error C2143: 구문 오류: ';'이(가) '<' 앞에 없습니다.
  (소스 파일 'Source/Scene/TitleScene.cpp'을(를) 컴파일하는 중)
  
C:\Dev\SephiriaCopyGame\SephiriaCopyGame\Engine\Scene\Scene.h(23,5): error C4430: 형식 지정자가 없습니다. int로 가정합니다. 참고: C++에서는 기본 int를 지원하지 않습니다.
  (소스 파일 'Source/Scene/TitleScene.cpp'을(를) 컴파일하는 중)
  
C:\Dev\SephiriaCopyGame\SephiriaCopyGame\Engine\Scene\Scene.h(23,45): error C2238: ';' 앞에 예기치 않은 토큰이 있습니다.
  (소스 파일 'Source/Scene/TitleScene.cpp'을(를) 컴파일하는 중)
  
C:\Dev\SephiriaCopyGame\SephiriaCopyGame\Engine\Scene\Scene.h(24,10): error C2143: 구문 오류: ';'이(가) '<' 앞에 없습니다.
  (소스 파일 'Source/Scene/TitleScene.cpp'을(를) 컴파일하는 중)
  
C:\Dev\SephiriaCopyGame\SephiriaCopyGame\Engine\Scene\Scene.h(24,5): error C4430: 형식 지정자가 없습니다. int로 가정합니다. 참고: C++에서는 기본 int를 지원하지 않습니다.
  (소스 파일 'Source/Scene/TitleScene.cpp'을(를) 컴파일하는 중)
  
C:\Dev\SephiriaCopyGame\SephiriaCopyGame\Engine\Scene\Scene.h(24,45): error C2238: ';' 앞에 예기치 않은 토큰이 있습니다.
  (소스 파일 'Source/Scene/TitleScene.cpp'을(를) 컴파일하는 중)
  
C:\Dev\SephiriaCopyGame\SephiriaCopyGame\Engine\Scene\Scene.h(25,11): error C2143: 구문 오류: ';'이(가) '<' 앞에 없습니다.
  (소스 파일 'Source/Scene/TitleScene.cpp'을(를) 컴파일하는 중)
  
C:\Dev\SephiriaCopyGame\SephiriaCopyGame\Engine\Scene\Scene.h(25,5): error C4430: 형식 지정자가 없습니다. int로 가정합니다. 참고: C++에서는 기본 int를 지원하지 않습니다.
  (소스 파일 'Source/Scene/TitleScene.cpp'을(를) 컴파일하는 중)
  
C:\Dev\SephiriaCopyGame\SephiriaCopyGame\Engine\Scene\Scene.h(25,39): error C2238: ';' 앞에 예기치 않은 토큰이 있습니다.
  (소스 파일 'Source/Scene/TitleScene.cpp'을(를) 컴파일하는 중)
  
  코드를 생성하고 있습니다...
